<?xml version="1.0" encoding="UTF-8"?>
<!-- Generated by org.testng.reporters.JUnitReportReporter -->
<testsuite hostname="sriharikeshav" failures="0" tests="1" name="chinna.fratello.Dummy" time="9.400" errors="0" timestamp="2022-10-11T10:16:58 IST" skipped="0">
  <testcase classname="chinna.fratello.Dummy" name="open_Dummypoint" time="9.400"/>
  <system-out/>
</testsuite> <!-- chinna.fratello.Dummy -->
