<?xml version="1.0" encoding="UTF-8"?>
<!-- Generated by org.testng.reporters.JUnitReportReporter -->
<testsuite hostname="sriharikeshav" failures="0" tests="1" name="chinna.fratello.Task1" time="22.669" errors="0" timestamp="2022-10-11T10:16:18 IST" skipped="0">
  <testcase classname="chinna.fratello.Task1" name="open_fratelloinnotech" time="22.669"/>
  <system-out/>
</testsuite> <!-- chinna.fratello.Task1 -->
