<?xml version="1.0" encoding="UTF-8"?>
<!-- Generated by org.testng.reporters.JUnitReportReporter -->
<testsuite hostname="chinna" failures="0" tests="1" name="chinna.fratello.Task2" time="15.147" errors="0" timestamp="2022-09-30T19:25:23 IST" skipped="0">
  <testcase classname="chinna.fratello.Task2" name="open_fratelloinnotech" time="15.147"/>
  <system-out/>
</testsuite> <!-- chinna.fratello.Task2 -->
